<?xml version="1.0" encoding="UTF-8"?>
<!-- Generated by org.testng.reporters.JUnitReportReporter -->
<testsuite hostname="DESKTOP-I1A8J2C" failures="0" tests="1" name="DemoGuru.Lambdatest" time="4.556" errors="0" timestamp="2021-09-02T15:42:10 IST" skipped="0">
  <testcase classname="DemoGuru.Lambdatest" name="testScript" time="4.556"/>
  <system-out/>
</testsuite> <!-- DemoGuru.Lambdatest -->
