<?xml version="1.0" encoding="UTF-8"?>
<!-- Generated by org.testng.reporters.JUnitReportReporter -->
<testsuite hostname="DESKTOP-I1A8J2C" failures="0" tests="5" name="DemoGuru.last" time="15.169" errors="0" timestamp="2021-09-09T15:19:33 IST" skipped="0">
  <testcase classname="DemoGuru.last" name="login" time="2.197"/>
  <system-out/>
  <testcase classname="DemoGuru.last" name="verifywithdrawal" time="6.139"/>
  <system-out/>
  <testcase classname="DemoGuru.last" name="verifycustomercanlogin" time="2.357"/>
  <system-out/>
  <testcase classname="DemoGuru.last" name="cont" time="3.963"/>
  <system-out/>
  <testcase classname="DemoGuru.last" name="logout" time="0.513"/>
  <system-out/>
</testsuite> <!-- DemoGuru.last -->
