<?xml version="1.0" encoding="UTF-8"?>
<!-- Generated by org.testng.reporters.JUnitReportReporter -->
<testsuite hostname="DESKTOP-I1A8J2C" failures="0" tests="8" name="DemoGuru.Demoguru" time="25.167" errors="0" timestamp="2021-09-07T12:47:20 IST" skipped="0">
  <testcase classname="DemoGuru.Demoguru" name="invalid" time="2.429"/>
  <system-out/>
  <testcase classname="DemoGuru.Demoguru" name="invalid" time="3.993"/>
  <system-out/>
  <testcase classname="DemoGuru.Demoguru" name="invalid" time="4.107"/>
  <system-out/>
  <testcase classname="DemoGuru.Demoguru" name="login" time="7.293"/>
  <system-out/>
  <testcase classname="DemoGuru.Demoguru" name="changepassword" time="1.089"/>
  <system-out/>
  <testcase classname="DemoGuru.Demoguru" name="changepassword" time="0.789"/>
  <system-out/>
  <testcase classname="DemoGuru.Demoguru" name="changepassword" time="1.115"/>
  <system-out/>
  <testcase classname="DemoGuru.Demoguru" name="newlogin" time="4.352"/>
  <system-out/>
</testsuite> <!-- DemoGuru.Demoguru -->
