<?xml version="1.0" encoding="UTF-8"?>
<!-- Generated by org.testng.reporters.JUnitReportReporter -->
<testsuite hostname="DESKTOP-I1A8J2C" failures="0" tests="2" name="DemoGuru.Newaccount" time="95.174" errors="0" timestamp="2021-09-03T10:43:49 IST" skipped="0">
  <testcase classname="DemoGuru.Newaccount" name="login" time="3.741"/>
  <system-out/>
  <testcase classname="DemoGuru.Newaccount" name="addnewaccount" time="91.433"/>
  <system-out/>
</testsuite> <!-- DemoGuru.Newaccount -->
