<?xml version="1.0" encoding="UTF-8"?>
<!-- Generated by org.testng.reporters.JUnitReportReporter -->
<testsuite hostname="DESKTOP-I1A8J2C" failures="0" tests="3" name="DemoGuru.Deposit" time="11.807" errors="0" timestamp="2021-09-08T13:24:34 IST" skipped="0">
  <testcase classname="DemoGuru.Deposit" name="login" time="8.400"/>
  <system-out/>
  <testcase classname="DemoGuru.Deposit" name="deposit" time="2.002"/>
  <system-out/>
  <testcase classname="DemoGuru.Deposit" name="refresh" time="1.405"/>
  <system-out/>
</testsuite> <!-- DemoGuru.Deposit -->
