<?xml version="1.0" encoding="UTF-8"?>
<!-- Generated by org.testng.reporters.JUnitReportReporter -->
<testsuite hostname="DESKTOP-I1A8J2C" failures="0" tests="7" name="DemoGuru.Withmini" time="21.015" errors="0" timestamp="2021-09-09T15:19:33 IST" skipped="0">
  <testcase classname="DemoGuru.Withmini" name="login" time="1.944"/>
  <system-out/>
  <testcase classname="DemoGuru.Withmini" name="verifywithdrawal" time="6.679"/>
  <system-out/>
  <testcase classname="DemoGuru.Withmini" name="verifybalancelow" time="1.953"/>
  <system-out/>
  <testcase classname="DemoGuru.Withmini" name="verifyministatement" time="2.964"/>
  <system-out/>
  <testcase classname="DemoGuru.Withmini" name="verifybalance" time="2.188"/>
  <system-out/>
  <testcase classname="DemoGuru.Withmini" name="verifycustomizedstatement" time="2.813"/>
  <system-out/>
  <testcase classname="DemoGuru.Withmini" name="verifycusstatementwithhigherfromdate" time="2.474"/>
  <system-out/>
</testsuite> <!-- DemoGuru.Withmini -->
