<?xml version="1.0" encoding="UTF-8"?>
<!-- Generated by org.testng.reporters.JUnitReportReporter -->
<testsuite hostname="DESKTOP-I1A8J2C" failures="0" tests="3" name="DemoGuru.Editcustomer" time="7.659" errors="0" timestamp="2021-09-08T13:01:50 IST" skipped="0">
  <testcase classname="DemoGuru.Editcustomer" name="login" time="1.764"/>
  <system-out/>
  <testcase classname="DemoGuru.Editcustomer" name="newcustomer1" time="3.979"/>
  <system-out/>
  <testcase classname="DemoGuru.Editcustomer" name="verify_editcustomer" time="1.916"/>
  <system-out/>
</testsuite> <!-- DemoGuru.Editcustomer -->
