<?xml version="1.0" encoding="UTF-8"?>
<!-- Generated by org.testng.reporters.JUnitReportReporter -->
<testsuite hostname="DESKTOP-I1A8J2C" failures="0" tests="6" name="DemoGuru.DeleteAccount" time="19.785" errors="0" timestamp="2021-09-07T12:47:20 IST" skipped="0">
  <testcase classname="DemoGuru.DeleteAccount" name="login" time="2.049"/>
  <system-out/>
  <testcase classname="DemoGuru.DeleteAccount" name="deleteaccount" time="4.859"/>
  <system-out/>
  <testcase classname="DemoGuru.DeleteAccount" name="ministatement" time="2.022"/>
  <system-out/>
  <testcase classname="DemoGuru.DeleteAccount" name="deletedaccountbalance" time="2.095"/>
  <system-out/>
  <testcase classname="DemoGuru.DeleteAccount" name="customized" time="3.676"/>
  <system-out/>
  <testcase classname="DemoGuru.DeleteAccount" name="Deletecustomer" time="5.084"/>
  <system-out/>
</testsuite> <!-- DemoGuru.DeleteAccount -->
