<?xml version="1.0" encoding="UTF-8"?>
<!-- Generated by org.testng.reporters.JUnitReportReporter -->
<testsuite hostname="DESKTOP-I1A8J2C" failures="0" tests="3" name="DemoGuru.Editcustomer" time="6.384" errors="0" timestamp="2021-09-09T15:19:33 IST" skipped="0">
  <testcase classname="DemoGuru.Editcustomer" name="login" time="1.574"/>
  <system-out/>
  <testcase classname="DemoGuru.Editcustomer" name="newcustomer1" time="2.910"/>
  <system-out/>
  <testcase classname="DemoGuru.Editcustomer" name="verify_editcustomer" time="1.900"/>
  <system-out/>
</testsuite> <!-- DemoGuru.Editcustomer -->
