<?xml version="1.0" encoding="UTF-8"?>
<!-- Generated by org.testng.reporters.JUnitReportReporter -->
<testsuite hostname="DESKTOP-I1A8J2C" failures="0" tests="5" name="DemoGuru.DeleteCustomer" time="97.353" errors="0" timestamp="2021-09-07T12:47:20 IST" skipped="0">
  <testcase classname="DemoGuru.DeleteCustomer" name="login" time="2.004"/>
  <system-out/>
  <testcase classname="DemoGuru.DeleteCustomer" name="deletecustomer_accountexist" time="83.984"/>
  <system-out/>
  <testcase classname="DemoGuru.DeleteCustomer" name="customerdelete_withnoaccount" time="7.383"/>
  <system-out/>
  <testcase classname="DemoGuru.DeleteCustomer" name="customercantbeedited_ifnotexist" time="2.158"/>
  <system-out/>
  <testcase classname="DemoGuru.DeleteCustomer" name="deletecustomer_whichdoesnotexist" time="1.824"/>
  <system-out/>
</testsuite> <!-- DemoGuru.DeleteCustomer -->
