<?xml version="1.0" encoding="UTF-8"?>
<!-- Generated by org.testng.reporters.JUnitReportReporter -->
<testsuite hostname="DESKTOP-I1A8J2C" failures="0" tests="8" name="DemoGuru.Fundtransfer" time="51.602" errors="0" timestamp="2021-09-08T11:51:08 IST" skipped="0">
  <testcase classname="DemoGuru.Fundtransfer" name="login" time="1.789"/>
  <system-out/>
  <testcase classname="DemoGuru.Fundtransfer" name="creation" time="10.538"/>
  <system-out/>
  <testcase classname="DemoGuru.Fundtransfer" name="fundtransfer" time="2.883"/>
  <system-out/>
  <testcase classname="DemoGuru.Fundtransfer" name="refresh" time="1.233"/>
  <system-out/>
  <testcase classname="DemoGuru.Fundtransfer" name="verifytransfer" time="9.999"/>
  <system-out/>
  <testcase classname="DemoGuru.Fundtransfer" name="systembehaviour" time="10.807"/>
  <system-out/>
  <testcase classname="DemoGuru.Fundtransfer" name="fundtransfer_sameaccountno" time="3.903"/>
  <system-out/>
  <testcase classname="DemoGuru.Fundtransfer" name="verifybalanceis_low" time="10.450"/>
  <system-out/>
</testsuite> <!-- DemoGuru.Fundtransfer -->
