<?xml version="1.0" encoding="UTF-8"?>
<!-- Generated by org.testng.reporters.JUnitReportReporter -->
<testsuite hostname="DESKTOP-I1A8J2C" failures="0" tests="8" name="DemoGuru.Fundtransfer" time="44.308" errors="0" timestamp="2021-09-09T15:19:33 IST" skipped="0">
  <testcase classname="DemoGuru.Fundtransfer" name="login" time="2.092"/>
  <system-out/>
  <testcase classname="DemoGuru.Fundtransfer" name="creation" time="9.495"/>
  <system-out/>
  <testcase classname="DemoGuru.Fundtransfer" name="fundtransfer" time="2.955"/>
  <system-out/>
  <testcase classname="DemoGuru.Fundtransfer" name="refresh" time="1.838"/>
  <system-out/>
  <testcase classname="DemoGuru.Fundtransfer" name="verifytransfer" time="10.070"/>
  <system-out/>
  <testcase classname="DemoGuru.Fundtransfer" name="systembehaviour" time="10.910"/>
  <system-out/>
  <testcase classname="DemoGuru.Fundtransfer" name="fundtransfer_sameaccountno" time="3.143"/>
  <system-out/>
  <testcase classname="DemoGuru.Fundtransfer" name="verifybalanceis_low" time="3.805"/>
  <system-out/>
</testsuite> <!-- DemoGuru.Fundtransfer -->
