<?xml version="1.0" encoding="UTF-8"?>
<!-- Generated by org.testng.reporters.JUnitReportReporter -->
<testsuite hostname="DESKTOP-I1A8J2C" failures="0" tests="8" name="DemoGuru.Demoguru" time="21.575" errors="0" timestamp="2021-09-09T15:19:33 IST" skipped="0">
  <testcase classname="DemoGuru.Demoguru" name="invalid" time="2.344"/>
  <system-out/>
  <testcase classname="DemoGuru.Demoguru" name="invalid" time="3.826"/>
  <system-out/>
  <testcase classname="DemoGuru.Demoguru" name="invalid" time="4.114"/>
  <system-out/>
  <testcase classname="DemoGuru.Demoguru" name="login" time="4.821"/>
  <system-out/>
  <testcase classname="DemoGuru.Demoguru" name="changepassword" time="0.972"/>
  <system-out/>
  <testcase classname="DemoGuru.Demoguru" name="changepassword" time="0.961"/>
  <system-out/>
  <testcase classname="DemoGuru.Demoguru" name="changepassword" time="0.571"/>
  <system-out/>
  <testcase classname="DemoGuru.Demoguru" name="newlogin" time="3.966"/>
  <system-out/>
</testsuite> <!-- DemoGuru.Demoguru -->
