<?xml version="1.0" encoding="UTF-8"?>
<!-- Generated by org.testng.reporters.JUnitReportReporter -->
<testsuite hostname="DESKTOP-I1A8J2C" failures="0" tests="6" name="DemoGuru.DeleteAccount" time="18.527" errors="0" timestamp="2021-09-09T15:19:33 IST" skipped="0">
  <testcase classname="DemoGuru.DeleteAccount" name="login" time="1.832"/>
  <system-out/>
  <testcase classname="DemoGuru.DeleteAccount" name="deleteaccount" time="4.471"/>
  <system-out/>
  <testcase classname="DemoGuru.DeleteAccount" name="ministatement" time="2.429"/>
  <system-out/>
  <testcase classname="DemoGuru.DeleteAccount" name="deletedaccountbalance" time="2.102"/>
  <system-out/>
  <testcase classname="DemoGuru.DeleteAccount" name="customized" time="2.701"/>
  <system-out/>
  <testcase classname="DemoGuru.DeleteAccount" name="Deletecustomer" time="4.992"/>
  <system-out/>
</testsuite> <!-- DemoGuru.DeleteAccount -->
