<?xml version="1.0" encoding="UTF-8"?>
<!-- Generated by org.testng.reporters.JUnitReportReporter -->
<testsuite hostname="DESKTOP-I1A8J2C" failures="0" tests="3" name="DemoGuru.Newcustomer" time="7.019" errors="0" timestamp="2021-09-09T15:19:33 IST" skipped="0">
  <testcase classname="DemoGuru.Newcustomer" name="login" time="1.985"/>
  <system-out/>
  <testcase classname="DemoGuru.Newcustomer" name="newcustomer" time="2.970"/>
  <system-out/>
  <testcase classname="DemoGuru.Newcustomer" name="addnewaccount" time="2.064"/>
  <system-out/>
</testsuite> <!-- DemoGuru.Newcustomer -->
