<?xml version="1.0" encoding="UTF-8"?>
<!-- Generated by org.testng.reporters.JUnitReportReporter -->
<testsuite hostname="DESKTOP-I1A8J2C" failures="0" tests="3" name="DemoGuru.Newcustomer" time="8.008" errors="0" timestamp="2021-09-07T12:47:20 IST" skipped="0">
  <testcase classname="DemoGuru.Newcustomer" name="login" time="2.127"/>
  <system-out/>
  <testcase classname="DemoGuru.Newcustomer" name="newcustomer" time="3.658"/>
  <system-out/>
  <testcase classname="DemoGuru.Newcustomer" name="addnewaccount" time="2.223"/>
  <system-out/>
</testsuite> <!-- DemoGuru.Newcustomer -->
